[debug] [2023-03-19T23:44:22.092Z] ----------------------------------------------------------------------
[debug] [2023-03-19T23:44:22.094Z] Command:       C:\Program Files\nodejs\node.exe C:\Users\vikas\AppData\Roaming\npm\node_modules\firebase-tools\lib\bin\firebase.js init
[debug] [2023-03-19T23:44:22.094Z] CLI Version:   11.24.1
[debug] [2023-03-19T23:44:22.094Z] Platform:      win32
[debug] [2023-03-19T23:44:22.094Z] Node Version:  v18.15.0
[debug] [2023-03-19T23:44:22.095Z] Time:          Mon Mar 20 2023 05:14:22 GMT+0530 (India Standard Time)
[debug] [2023-03-19T23:44:22.095Z] ----------------------------------------------------------------------
[debug] 
[debug] [2023-03-19T23:44:22.101Z] > command requires scopes: ["email","openid","https://www.googleapis.com/auth/cloudplatformprojects.readonly","https://www.googleapis.com/auth/firebase","https://www.googleapis.com/auth/cloud-platform"]
[debug] [2023-03-19T23:44:22.101Z] > authorizing via signed-in user (tigorraja0000@gmail.com)
[info] 
     ######## #### ########  ######## ########     ###     ######  ########
     ##        ##  ##     ## ##       ##     ##  ##   ##  ##       ##
     ######    ##  ########  ######   ########  #########  ######  ######
     ##        ##  ##    ##  ##       ##     ## ##     ##       ## ##
     ##       #### ##     ## ######## ########  ##     ##  ######  ########

You're about to initialize a Firebase project in this directory:

  C:\Users\vikas\Desktop\responsive-login-signup

[info] 
=== Project Setup
[info] 
[info] First, let's associate this project directory with a Firebase project.
[info] You can create multiple project aliases by running firebase use --add, 
[info] but for now we'll just set up a default project.
[info] 
[debug] [2023-03-19T23:44:44.954Z] >>> [apiv2][query] GET https://firebase.googleapis.com/v1beta1/projects pageSize=100
[debug] [2023-03-19T23:44:46.144Z] <<< [apiv2][status] GET https://firebase.googleapis.com/v1beta1/projects 200
[debug] [2023-03-19T23:44:46.144Z] <<< [apiv2][body] GET https://firebase.googleapis.com/v1beta1/projects [omitted]
[info] i  Using project brainstormers-project (brainstormers-project) 
[info] 
=== Database Setup
[info] i  database: ensuring required API firebasedatabase.googleapis.com is enabled... 
[debug] [2023-03-19T23:44:50.075Z] >>> [apiv2][query] GET https://serviceusage.googleapis.com/v1/projects/brainstormers-project/services/firebasedatabase.googleapis.com [none]
[debug] [2023-03-19T23:44:50.075Z] >>> [apiv2][(partial)header] GET https://serviceusage.googleapis.com/v1/projects/brainstormers-project/services/firebasedatabase.googleapis.com x-goog-quota-user=projects/brainstormers-project
[debug] [2023-03-19T23:44:52.238Z] <<< [apiv2][status] GET https://serviceusage.googleapis.com/v1/projects/brainstormers-project/services/firebasedatabase.googleapis.com 200
[debug] [2023-03-19T23:44:52.238Z] <<< [apiv2][body] GET https://serviceusage.googleapis.com/v1/projects/brainstormers-project/services/firebasedatabase.googleapis.com [omitted]
[info] +  database: required API firebasedatabase.googleapis.com is enabled 
[info] 
[debug] [2023-03-19T23:44:52.241Z] >>> [apiv2][query] GET https://firebasedatabase.googleapis.com/v1beta/projects/brainstormers-project/locations/-/instances/brainstormers-project-default-rtdb [none]
[debug] [2023-03-19T23:44:53.012Z] <<< [apiv2][status] GET https://firebasedatabase.googleapis.com/v1beta/projects/brainstormers-project/locations/-/instances/brainstormers-project-default-rtdb 200
[debug] [2023-03-19T23:44:53.012Z] <<< [apiv2][body] GET https://firebasedatabase.googleapis.com/v1beta/projects/brainstormers-project/locations/-/instances/brainstormers-project-default-rtdb {"name":"projects/515322449293/locations/asia-southeast1/instances/brainstormers-project-default-rtdb","project":"projects/515322449293","databaseUrl":"https://brainstormers-project-default-rtdb.asia-southeast1.firebasedatabase.app","type":"DEFAULT_DATABASE","state":"ACTIVE"}
[info] 
[info] Firebase Realtime Database Security Rules allow you to define how your data should be
[info] structured and when your data can be read from and written to.
[info] 
[info] Skipping overwrite of Realtime Database Security Rules.
[info] The security rules defined in database.rules.json will be published when you run firebase deploy.
[info] 
=== Hosting Setup
[info] 
[info] Your public directory is the folder (relative to your project directory) that
[info] will contain Hosting assets to be uploaded with firebase deploy. If you
[info] have a build process for your assets, use your build's output directory.
[info] 
[info] +  Wrote public/404.html 
[debug] [2023-03-19T23:45:25.564Z] >>> [apiv2][query] GET https://www.gstatic.com/firebasejs/releases.json [none]
[debug] [2023-03-19T23:45:26.316Z] <<< [apiv2][status] GET https://www.gstatic.com/firebasejs/releases.json 200
[debug] [2023-03-19T23:45:26.316Z] <<< [apiv2][body] GET https://www.gstatic.com/firebasejs/releases.json {"current":{"version":"9.18.0","browserURL":"https://www.gstatic.com/firebasejs/9.18.0/firebase.js","packageURL":"https://www.gstatic.com/firebasejs/9.18.0/firebase.tgz"},"live":{"version":"9.18","browserURL":"https://www.gstatic.com/firebasejs/live/9.18/firebase.js","packageURL":"https://www.gstatic.com/firebasejs/live/9.18/firebase.tgz"},"components":{"analytics":"https://www.gstatic.com/firebasejs/9.18.0/firebase-analytics.js","app":"https://www.gstatic.com/firebasejs/9.18.0/firebase-app.js","app-check":"https://www.gstatic.com/firebasejs/9.18.0/firebase-app-check.js","auth":"https://www.gstatic.com/firebasejs/9.18.0/firebase-auth.js","auth/cordova":"https://www.gstatic.com/firebasejs/9.18.0/firebase-auth/cordova.js","auth/react-native":"https://www.gstatic.com/firebasejs/9.18.0/firebase-auth/react-native.js","functions":"https://www.gstatic.com/firebasejs/9.18.0/firebase-functions.js","firestore":"https://www.gstatic.com/firebasejs/9.18.0/firebase-firestore.js","firestore/lite":"https://www.gstatic.com/firebasejs/9.18.0/firebase-firestore/lite.js","installations":"https://www.gstatic.com/firebasejs/9.18.0/firebase-installations.js","storage":"https://www.gstatic.com/firebasejs/9.18.0/firebase-storage.js","performance":"https://www.gstatic.com/firebasejs/9.18.0/firebase-performance.js","remote-config":"https://www.gstatic.com/firebasejs/9.18.0/firebase-remote-config.js","messaging":"https://www.gstatic.com/firebasejs/9.18.0/firebase-messaging.js","messaging/sw":"https://www.gstatic.com/firebasejs/9.18.0/firebase-messaging/sw.js","database":"https://www.gstatic.com/firebasejs/9.18.0/firebase-database.js","firestore.memory":"https://www.gstatic.com/firebasejs/9.18.0/firebase-firestore.memory.js"}}
[info] +  Wrote public/index.html 
[info] 
[info] i  Didn't detect a .git folder. Assuming C:\Users\vikas\Desktop\responsive-login-signup is the project root. 
[info] i  Authorizing with GitHub to upload your service account to a GitHub repository's secrets store. 
[info] 
[info] Visit this URL on this device to log in:
[info] https://github.com/login/oauth/authorize?client_id=89cf50f02ac6aaed3484&state=908801618&redirect_uri=http%3A%2F%2Flocalhost%3A9005&scope=read%3Auser%20repo%20public_repo
[info] 
[info] Waiting for authentication...
[debug] [2023-03-19T23:45:40.068Z] >>> [apiv2][query] POST https://github.com/login/oauth/access_token [none]
[debug] [2023-03-19T23:45:40.068Z] >>> [apiv2][body] POST https://github.com/login/oauth/access_token [stream]
[debug] [2023-03-19T23:45:41.728Z] <<< [apiv2][status] POST https://github.com/login/oauth/access_token 200
[debug] [2023-03-19T23:45:41.728Z] <<< [apiv2][body] POST https://github.com/login/oauth/access_token {"access_token":"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","token_type":"bearer","scope":"read:user,repo"}
[debug] [2023-03-19T23:45:41.739Z] >>> [apiv2][query] GET https://api.github.com/user [none]
[debug] [2023-03-19T23:45:43.637Z] <<< [apiv2][status] GET https://api.github.com/user 200
[debug] [2023-03-19T23:45:43.638Z] <<< [apiv2][body] GET https://api.github.com/user {"login":"ItsMeVikashKumarSingh","id":95979348,"node_id":"U_kgDOBbiHVA","avatar_url":"https://avatars.githubusercontent.com/u/95979348?v=4","gravatar_id":"","url":"https://api.github.com/users/ItsMeVikashKumarSingh","html_url":"https://github.com/ItsMeVikashKumarSingh","followers_url":"https://api.github.com/users/ItsMeVikashKumarSingh/followers","following_url":"https://api.github.com/users/ItsMeVikashKumarSingh/following{/other_user}","gists_url":"https://api.github.com/users/ItsMeVikashKumarSingh/gists{/gist_id}","starred_url":"https://api.github.com/users/ItsMeVikashKumarSingh/starred{/owner}{/repo}","subscriptions_url":"https://api.github.com/users/ItsMeVikashKumarSingh/subscriptions","organizations_url":"https://api.github.com/users/ItsMeVikashKumarSingh/orgs","repos_url":"https://api.github.com/users/ItsMeVikashKumarSingh/repos","events_url":"https://api.github.com/users/ItsMeVikashKumarSingh/events{/privacy}","received_events_url":"https://api.github.com/users/ItsMeVikashKumarSingh/received_events","type":"User","site_admin":false,"name":"VIKASH KUMAR SINGH","company":null,"blog":"https://aboutvikash.netlify.app/","location":"Jaipur","email":null,"hireable":null,"bio":"Learner","twitter_username":null,"public_repos":18,"public_gists":0,"followers":1,"following":0,"created_at":"2021-12-11T18:08:55Z","updated_at":"2023-03-19T19:33:41Z","private_gists":0,"total_private_repos":10,"owned_private_repos":10,"disk_usage":329865,"collaborators":0,"two_factor_authentication":false,"plan":{"name":"free","space":976562499,"collaborators":0,"private_repos":10000}}
[info] 
[info] +  Success! Logged into GitHub as ItsMeVikashKumarSingh 
[info] 
